<?xml version="1.0" encoding="UTF-8"?>
<!-- Generated by org.testng.reporters.JUnitXMLReporter -->
<testsuite ignored="0" hostname="DESKTOP-FNPC0HE" failures="0" tests="2" name="OrderListPageTest" time="61.147" errors="0" timestamp="2025-03-24T19:28:59 IST">
  <testcase classname="org.qa.gittracker.tests.OrderListPageTest" name="testOrderPageURL" time="3.046"/>
  <testcase classname="org.qa.gittracker.tests.OrderListPageTest" name="testSearchOrder" time="18.813"/>
</testsuite> <!-- OrderListPageTest -->
