<?xml version="1.0" encoding="UTF-8"?>
<!-- Generated by org.testng.reporters.JUnitXMLReporter -->
<testsuite ignored="0" hostname="DESKTOP-FNPC0HE" failures="0" tests="4" name="OrderEditPageTest" time="137.319" errors="0" timestamp="2025-03-24T19:31:16 IST">
  <testcase classname="org.qa.gittracker.tests.OrderEditPageTest" name="testRequested" time="20.95"/>
  <testcase classname="org.qa.gittracker.tests.OrderEditPageTest" name="testDispatchEvent" time="22.629"/>
  <testcase classname="org.qa.gittracker.tests.OrderEditPageTest" name="testInTransit" time="30.968"/>
  <testcase classname="org.qa.gittracker.tests.OrderEditPageTest" name="testDelivered" time="32.215"/>
</testsuite> <!-- OrderEditPageTest -->
