<?xml version="1.0" encoding="UTF-8"?>
<!-- Generated by org.testng.reporters.JUnitXMLReporter -->
<testsuite ignored="0" hostname="DESKTOP-FNPC0HE" failures="0" tests="3" name="CustomerOpenOrdersTest" time="47.0" errors="0" timestamp="2025-04-04T09:12:17 IST">
  <testcase classname="org.qa.customer.tests.CustomerOpenOrdersTest" name="verifyOpenOrders" time="8.235"/>
  <testcase classname="org.qa.customer.tests.CustomerOpenOrdersTest" name="testSearchOrder" time="11.56"/>
  <testcase classname="org.qa.customer.tests.CustomerOpenOrdersTest" name="advSearch" time="10.101"/>
</testsuite> <!-- CustomerOpenOrdersTest -->
