<?xml version="1.0" encoding="UTF-8"?>
<!-- Generated by org.testng.reporters.JUnitXMLReporter -->
<testsuite ignored="0" hostname="DESKTOP-FNPC0HE" failures="0" tests="2" name="CustomerLinkedOrdersTest" time="28.929" errors="0" timestamp="2025-04-04T09:12:46 IST">
  <testcase classname="org.qa.customer.tests.CustomerLinkedOrdersTest" name="verifyLinkedOrders" time="7.236"/>
  <testcase classname="org.qa.customer.tests.CustomerLinkedOrdersTest" name="testSearchOrder" time="7.461"/>
</testsuite> <!-- CustomerLinkedOrdersTest -->
