<?xml version="1.0" encoding="UTF-8"?>
<!-- Generated by org.testng.reporters.JUnitXMLReporter -->
<testsuite ignored="0" hostname="DESKTOP-FNPC0HE" failures="0" tests="2" name="CustomerLoginPageTest" time="19.722" errors="0" timestamp="2025-04-15T10:49:10 IST">
  <testcase classname="org.qa.customer.tests.CustomerLoginPageTest" name="testLoginPageTitle" time="0.03"/>
  <testcase classname="org.qa.customer.tests.CustomerLoginPageTest" name="testCustomerLogin" time="5.541"/>
</testsuite> <!-- CustomerLoginPageTest -->
