<?xml version="1.0" encoding="UTF-8"?>
<!-- Generated by org.testng.reporters.JUnitXMLReporter -->
<testsuite ignored="0" hostname="DESKTOP-FNPC0HE" failures="0" tests="2" name="CustomerLoginPageTest" time="24.411" errors="0" timestamp="2025-04-04T09:11:30 IST">
  <testcase classname="org.qa.customer.tests.CustomerLoginPageTest" name="testLoginPageTitle" time="0.021"/>
  <testcase classname="org.qa.customer.tests.CustomerLoginPageTest" name="testCustomerLogin" time="6.664"/>
</testsuite> <!-- CustomerLoginPageTest -->
