<?xml version="1.0" encoding="UTF-8"?>
<!-- Generated by org.testng.reporters.JUnitXMLReporter -->
<testsuite ignored="0" hostname="DESKTOP-FNPC0HE" failures="0" tests="4" name="OrderEditPageTest" time="138.054" errors="0" timestamp="2025-03-24T10:18:12 IST">
  <testcase classname="org.qa.gittracker.tests.OrderEditPageTest" name="testRequested" time="20.955"/>
  <testcase classname="org.qa.gittracker.tests.OrderEditPageTest" name="testDispatchEvent" time="24.37"/>
  <testcase classname="org.qa.gittracker.tests.OrderEditPageTest" name="testInTransit" time="32.84"/>
  <testcase classname="org.qa.gittracker.tests.OrderEditPageTest" name="testDelivered" time="33.111"/>
</testsuite> <!-- OrderEditPageTest -->
