<?xml version="1.0" encoding="UTF-8"?>
<!-- Generated by org.testng.reporters.JUnitXMLReporter -->
<testsuite ignored="0" hostname="DESKTOP-FNPC0HE" failures="0" tests="2" name="OrderListPageTest" time="31.849" errors="0" timestamp="2025-03-25T14:41:45 IST">
  <testcase classname="org.qa.gittracker.tests.OrderListPageTest" name="testOrderPageURL" time="3.043"/>
  <testcase classname="org.qa.gittracker.tests.OrderListPageTest" name="testSearchOrder" time="18.786"/>
</testsuite> <!-- OrderListPageTest -->
