<?xml version="1.0" encoding="UTF-8"?>
<testng-results ignored="0" total="7" passed="7" failed="0" skipped="0">
  <reporter-output>
  </reporter-output>
  <suite started-at="2025-04-04T09:11:05 IST" name="Suite" finished-at="2025-04-04T09:12:46 IST" duration-ms="100441">
    <groups>
    </groups>
    <test started-at="2025-04-04T09:11:05 IST" name="CustomerLoginPageTest" finished-at="2025-04-04T09:11:30 IST" duration-ms="24411">
      <class name="org.qa.customer.tests.CustomerLoginPageTest">
        <test-method is-config="true" signature="setUp()[pri:0, instance:org.qa.customer.tests.CustomerLoginPageTest@4ddced80]" started-at="2025-04-04T09:11:05 IST" name="setUp" finished-at="2025-04-04T09:11:23 IST" duration-ms="17643" status="PASS">
          <reporter-output>
          </reporter-output>
        </test-method> <!-- setUp -->
        <test-method signature="testLoginPageTitle()[pri:1, instance:org.qa.customer.tests.CustomerLoginPageTest@4ddced80]" started-at="2025-04-04T09:11:23 IST" name="testLoginPageTitle" finished-at="2025-04-04T09:11:23 IST" duration-ms="21" status="PASS">
          <reporter-output>
          </reporter-output>
        </test-method> <!-- testLoginPageTitle -->
        <test-method signature="testCustomerLogin()[pri:2, instance:org.qa.customer.tests.CustomerLoginPageTest@4ddced80]" started-at="2025-04-04T09:11:23 IST" name="testCustomerLogin" finished-at="2025-04-04T09:11:30 IST" duration-ms="6664" status="PASS">
          <reporter-output>
          </reporter-output>
        </test-method> <!-- testCustomerLogin -->
        <test-method is-config="true" signature="tearDown()[pri:0, instance:org.qa.customer.tests.CustomerLoginPageTest@4ddced80]" started-at="2025-04-04T09:11:30 IST" name="tearDown" finished-at="2025-04-04T09:11:30 IST" duration-ms="0" status="PASS">
          <reporter-output>
          </reporter-output>
        </test-method> <!-- tearDown -->
      </class> <!-- org.qa.customer.tests.CustomerLoginPageTest -->
    </test> <!-- CustomerLoginPageTest -->
    <test started-at="2025-04-04T09:11:30 IST" name="CustomerOpenOrdersTest" finished-at="2025-04-04T09:12:17 IST" duration-ms="47000">
      <class name="org.qa.customer.tests.CustomerOpenOrdersTest">
        <test-method is-config="true" signature="setUp()[pri:0, instance:org.qa.customer.tests.CustomerOpenOrdersTest@48ae9b55]" started-at="2025-04-04T09:11:30 IST" name="setUp" finished-at="2025-04-04T09:11:43 IST" duration-ms="13509" status="PASS">
          <reporter-output>
          </reporter-output>
        </test-method> <!-- setUp -->
        <test-method is-config="true" signature="doLogin()[pri:0, instance:org.qa.customer.tests.CustomerOpenOrdersTest@48ae9b55]" started-at="2025-04-04T09:11:43 IST" name="doLogin" finished-at="2025-04-04T09:11:47 IST" duration-ms="3595" status="PASS">
          <reporter-output>
          </reporter-output>
        </test-method> <!-- doLogin -->
        <test-method signature="verifyOpenOrders()[pri:0, instance:org.qa.customer.tests.CustomerOpenOrdersTest@48ae9b55]" started-at="2025-04-04T09:11:47 IST" name="verifyOpenOrders" finished-at="2025-04-04T09:11:55 IST" duration-ms="8235" status="PASS">
          <reporter-output>
          </reporter-output>
        </test-method> <!-- verifyOpenOrders -->
        <test-method signature="testSearchOrder()[pri:1, instance:org.qa.customer.tests.CustomerOpenOrdersTest@48ae9b55]" started-at="2025-04-04T09:11:55 IST" name="testSearchOrder" finished-at="2025-04-04T09:12:07 IST" duration-ms="11560" status="PASS">
          <reporter-output>
          </reporter-output>
        </test-method> <!-- testSearchOrder -->
        <test-method signature="advSearch()[pri:2, instance:org.qa.customer.tests.CustomerOpenOrdersTest@48ae9b55]" started-at="2025-04-04T09:12:07 IST" name="advSearch" finished-at="2025-04-04T09:12:17 IST" duration-ms="10101" status="PASS">
          <reporter-output>
          </reporter-output>
        </test-method> <!-- advSearch -->
        <test-method is-config="true" signature="tearDown()[pri:0, instance:org.qa.customer.tests.CustomerOpenOrdersTest@48ae9b55]" started-at="2025-04-04T09:12:17 IST" name="tearDown" finished-at="2025-04-04T09:12:17 IST" duration-ms="0" status="PASS">
          <reporter-output>
          </reporter-output>
        </test-method> <!-- tearDown -->
      </class> <!-- org.qa.customer.tests.CustomerOpenOrdersTest -->
    </test> <!-- CustomerOpenOrdersTest -->
    <test started-at="2025-04-04T09:12:17 IST" name="CustomerLinkedOrdersTest" finished-at="2025-04-04T09:12:46 IST" duration-ms="28929">
      <class name="org.qa.customer.tests.CustomerLinkedOrdersTest">
        <test-method is-config="true" signature="setUp()[pri:0, instance:org.qa.customer.tests.CustomerLinkedOrdersTest@30ee2816]" started-at="2025-04-04T09:12:17 IST" name="setUp" finished-at="2025-04-04T09:12:28 IST" duration-ms="10713" status="PASS">
          <reporter-output>
          </reporter-output>
        </test-method> <!-- setUp -->
        <test-method is-config="true" signature="doLogin()[pri:0, instance:org.qa.customer.tests.CustomerLinkedOrdersTest@30ee2816]" started-at="2025-04-04T09:12:28 IST" name="doLogin" finished-at="2025-04-04T09:12:31 IST" duration-ms="3514" status="PASS">
          <reporter-output>
          </reporter-output>
        </test-method> <!-- doLogin -->
        <test-method signature="verifyLinkedOrders()[pri:0, instance:org.qa.customer.tests.CustomerLinkedOrdersTest@30ee2816]" started-at="2025-04-04T09:12:31 IST" name="verifyLinkedOrders" finished-at="2025-04-04T09:12:38 IST" duration-ms="7236" status="PASS">
          <reporter-output>
          </reporter-output>
        </test-method> <!-- verifyLinkedOrders -->
        <test-method signature="testSearchOrder()[pri:1, instance:org.qa.customer.tests.CustomerLinkedOrdersTest@30ee2816]" started-at="2025-04-04T09:12:38 IST" name="testSearchOrder" finished-at="2025-04-04T09:12:46 IST" duration-ms="7461" status="PASS">
          <reporter-output>
          </reporter-output>
        </test-method> <!-- testSearchOrder -->
        <test-method is-config="true" signature="tearDown()[pri:0, instance:org.qa.customer.tests.CustomerLinkedOrdersTest@30ee2816]" started-at="2025-04-04T09:12:46 IST" name="tearDown" finished-at="2025-04-04T09:12:46 IST" duration-ms="0" status="PASS">
          <reporter-output>
          </reporter-output>
        </test-method> <!-- tearDown -->
      </class> <!-- org.qa.customer.tests.CustomerLinkedOrdersTest -->
    </test> <!-- CustomerLinkedOrdersTest -->
  </suite> <!-- Suite -->
</testng-results>
