<?xml version="1.0" encoding="UTF-8"?>
<testng-results ignored="0" total="7" passed="6" failed="1" skipped="0">
  <reporter-output>
  </reporter-output>
  <suite started-at="2025-03-25T14:40:18 IST" name="Suite" finished-at="2025-03-25T14:42:51 IST" duration-ms="153122">
    <groups>
    </groups>
    <test started-at="2025-03-25T14:40:18 IST" name="LoginPageTest" finished-at="2025-03-25T14:40:36 IST" duration-ms="18066">
      <class name="org.qa.gittracker.tests.LoginPageTest">
        <test-method is-config="true" signature="setUp()[pri:0, instance:org.qa.gittracker.tests.LoginPageTest@4ddced80]" started-at="2025-03-25T14:40:18 IST" name="setUp" finished-at="2025-03-25T14:40:29 IST" duration-ms="11348" status="PASS">
          <reporter-output>
          </reporter-output>
        </test-method> <!-- setUp -->
        <test-method signature="testLoginPageTitle()[pri:1, instance:org.qa.gittracker.tests.LoginPageTest@4ddced80]" started-at="2025-03-25T14:40:29 IST" name="testLoginPageTitle" finished-at="2025-03-25T14:40:29 IST" duration-ms="10" status="PASS">
          <reporter-output>
          </reporter-output>
        </test-method> <!-- testLoginPageTitle -->
        <test-method signature="testLogin()[pri:2, instance:org.qa.gittracker.tests.LoginPageTest@4ddced80]" started-at="2025-03-25T14:40:29 IST" name="testLogin" finished-at="2025-03-25T14:40:35 IST" duration-ms="6372" status="PASS">
          <reporter-output>
          </reporter-output>
        </test-method> <!-- testLogin -->
        <test-method is-config="true" signature="tearDown()[pri:0, instance:org.qa.gittracker.tests.LoginPageTest@4ddced80]" started-at="2025-03-25T14:40:35 IST" name="tearDown" finished-at="2025-03-25T14:40:36 IST" duration-ms="305" status="PASS">
          <reporter-output>
          </reporter-output>
        </test-method> <!-- tearDown -->
      </class> <!-- org.qa.gittracker.tests.LoginPageTest -->
    </test> <!-- LoginPageTest -->
    <test started-at="2025-03-25T14:40:36 IST" name="OrderPageTest" finished-at="2025-03-25T14:41:13 IST" duration-ms="37693">
      <class name="org.qa.gittracker.tests.OrderPageTest">
        <test-method is-config="true" signature="setUp()[pri:0, instance:org.qa.gittracker.tests.OrderPageTest@9353778]" started-at="2025-03-25T14:40:36 IST" name="setUp" finished-at="2025-03-25T14:40:42 IST" duration-ms="6397" status="PASS">
          <reporter-output>
          </reporter-output>
        </test-method> <!-- setUp -->
        <test-method is-config="true" signature="doLogin()[pri:0, instance:org.qa.gittracker.tests.OrderPageTest@9353778]" started-at="2025-03-25T14:40:42 IST" name="doLogin" finished-at="2025-03-25T14:40:45 IST" duration-ms="3307" status="PASS">
          <reporter-output>
          </reporter-output>
        </test-method> <!-- doLogin -->
        <test-method signature="testCreateOrder()[pri:0, instance:org.qa.gittracker.tests.OrderPageTest@9353778]" started-at="2025-03-25T14:40:45 IST" name="testCreateOrder" finished-at="2025-03-25T14:41:13 IST" duration-ms="27727" status="PASS">
          <reporter-output>
          </reporter-output>
        </test-method> <!-- testCreateOrder -->
        <test-method is-config="true" signature="tearDown()[pri:0, instance:org.qa.gittracker.tests.OrderPageTest@9353778]" started-at="2025-03-25T14:41:13 IST" name="tearDown" finished-at="2025-03-25T14:41:13 IST" duration-ms="245" status="PASS">
          <reporter-output>
          </reporter-output>
        </test-method> <!-- tearDown -->
      </class> <!-- org.qa.gittracker.tests.OrderPageTest -->
    </test> <!-- OrderPageTest -->
    <test started-at="2025-03-25T14:41:13 IST" name="OrderListPageTest" finished-at="2025-03-25T14:41:45 IST" duration-ms="31849">
      <class name="org.qa.gittracker.tests.OrderListPageTest">
        <test-method is-config="true" signature="setUp()[pri:0, instance:org.qa.gittracker.tests.OrderListPageTest@c267ef4]" started-at="2025-03-25T14:41:13 IST" name="setUp" finished-at="2025-03-25T14:41:20 IST" duration-ms="6421" status="PASS">
          <reporter-output>
          </reporter-output>
        </test-method> <!-- setUp -->
        <test-method is-config="true" signature="doLogin()[pri:0, instance:org.qa.gittracker.tests.OrderListPageTest@c267ef4]" started-at="2025-03-25T14:41:20 IST" name="doLogin" finished-at="2025-03-25T14:41:23 IST" duration-ms="3316" status="PASS">
          <reporter-output>
          </reporter-output>
        </test-method> <!-- doLogin -->
        <test-method signature="testOrderPageURL()[pri:0, instance:org.qa.gittracker.tests.OrderListPageTest@c267ef4]" started-at="2025-03-25T14:41:23 IST" name="testOrderPageURL" finished-at="2025-03-25T14:41:26 IST" duration-ms="3043" status="PASS">
          <reporter-output>
          </reporter-output>
        </test-method> <!-- testOrderPageURL -->
        <test-method signature="testSearchOrder()[pri:1, instance:org.qa.gittracker.tests.OrderListPageTest@c267ef4]" started-at="2025-03-25T14:41:26 IST" name="testSearchOrder" finished-at="2025-03-25T14:41:45 IST" duration-ms="18786" status="PASS">
          <reporter-output>
          </reporter-output>
        </test-method> <!-- testSearchOrder -->
        <test-method is-config="true" signature="tearDown()[pri:0, instance:org.qa.gittracker.tests.OrderListPageTest@c267ef4]" started-at="2025-03-25T14:41:45 IST" name="tearDown" finished-at="2025-03-25T14:41:45 IST" duration-ms="276" status="PASS">
          <reporter-output>
          </reporter-output>
        </test-method> <!-- tearDown -->
      </class> <!-- org.qa.gittracker.tests.OrderListPageTest -->
    </test> <!-- OrderListPageTest -->
    <test started-at="2025-03-25T14:41:45 IST" name="OrderEditPageTest" finished-at="2025-03-25T14:42:51 IST" duration-ms="65451">
      <class name="org.qa.gittracker.tests.OrderEditPageTest">
        <test-method is-config="true" signature="setUp()[pri:0, instance:org.qa.gittracker.tests.OrderEditPageTest@636be97c]" started-at="2025-03-25T14:41:45 IST" name="setUp" finished-at="2025-03-25T14:41:52 IST" duration-ms="6686" status="PASS">
          <reporter-output>
          </reporter-output>
        </test-method> <!-- setUp -->
        <test-method is-config="true" signature="doLogin()[pri:0, instance:org.qa.gittracker.tests.OrderEditPageTest@636be97c]" started-at="2025-03-25T14:41:52 IST" name="doLogin" finished-at="2025-03-25T14:41:55 IST" duration-ms="3287" status="PASS">
          <reporter-output>
          </reporter-output>
        </test-method> <!-- doLogin -->
        <test-method signature="testDriverInTransit()[pri:4, instance:org.qa.gittracker.tests.OrderEditPageTest@636be97c]" started-at="2025-03-25T14:41:55 IST" name="testDriverInTransit" finished-at="2025-03-25T14:42:42 IST" duration-ms="46536" status="FAIL">
          <exception class="org.openqa.selenium.ElementClickInterceptedException">
            <message>
              <![CDATA[element click intercepted: Element <a _ngcontent-bvh-c286="" mat-button="" class="mat-focus-indicator pl-0 ng-tns-c286-2 mat-button mat-button-base mat-primary" aria-disabled="false">...</a> is not clickable at point (312, 468). Other element would receive the click: <mat-dialog-content _ngcontent-bvh-c285="" class="mat-dialog-content">...</mat-dialog-content>
  (Session info: chrome=134.0.6998.165)
Build info: version: '4.27.0', revision: 'd6e718d134'
System info: os.name: 'Windows 11', os.arch: 'amd64', os.version: '10.0', java.version: '19.0.2'
Driver info: org.openqa.selenium.chrome.ChromeDriver
Command: [3e021834db4b667b2991b363cf039457, clickElement {id=f.B08EF2C650E4686C7256288B55A6A20C.d.58611DE49DB937ACA2DBCEA5E82578DB.e.202}]
Capabilities {acceptInsecureCerts: false, browserName: chrome, browserVersion: 134.0.6998.165, chrome: {chromedriverVersion: 134.0.6998.165 (fd886e2cb29..., userDataDir: C:\Users\User\AppData\Local...}, fedcm:accounts: true, goog:chromeOptions: {debuggerAddress: localhost:54659}, networkConnectionEnabled: false, pageLoadStrategy: normal, platformName: windows, proxy: Proxy(), se:cdp: ws://localhost:54659/devtoo..., se:cdpVersion: 134.0.6998.165, setWindowRect: true, strictFileInteractability: false, timeouts: {implicit: 0, pageLoad: 300000, script: 30000}, unhandledPromptBehavior: dismiss and notify, webauthn:extension:credBlob: true, webauthn:extension:largeBlob: true, webauthn:extension:minPinLength: true, webauthn:extension:prf: true, webauthn:virtualAuthenticators: true}
Element: [[ChromeDriver: chrome on windows (3e021834db4b667b2991b363cf039457)] -> xpath: (//mat-table[@role='table']//a)[3]]
Session ID: 3e021834db4b667b2991b363cf039457]]>
            </message>
            <full-stacktrace>
              <![CDATA[org.openqa.selenium.ElementClickInterceptedException: element click intercepted: Element <a _ngcontent-bvh-c286="" mat-button="" class="mat-focus-indicator pl-0 ng-tns-c286-2 mat-button mat-button-base mat-primary" aria-disabled="false">...</a> is not clickable at point (312, 468). Other element would receive the click: <mat-dialog-content _ngcontent-bvh-c285="" class="mat-dialog-content">...</mat-dialog-content>
  (Session info: chrome=134.0.6998.165)
Build info: version: '4.27.0', revision: 'd6e718d134'
System info: os.name: 'Windows 11', os.arch: 'amd64', os.version: '10.0', java.version: '19.0.2'
Driver info: org.openqa.selenium.chrome.ChromeDriver
Command: [3e021834db4b667b2991b363cf039457, clickElement {id=f.B08EF2C650E4686C7256288B55A6A20C.d.58611DE49DB937ACA2DBCEA5E82578DB.e.202}]
Capabilities {acceptInsecureCerts: false, browserName: chrome, browserVersion: 134.0.6998.165, chrome: {chromedriverVersion: 134.0.6998.165 (fd886e2cb29..., userDataDir: C:\Users\User\AppData\Local...}, fedcm:accounts: true, goog:chromeOptions: {debuggerAddress: localhost:54659}, networkConnectionEnabled: false, pageLoadStrategy: normal, platformName: windows, proxy: Proxy(), se:cdp: ws://localhost:54659/devtoo..., se:cdpVersion: 134.0.6998.165, setWindowRect: true, strictFileInteractability: false, timeouts: {implicit: 0, pageLoad: 300000, script: 30000}, unhandledPromptBehavior: dismiss and notify, webauthn:extension:credBlob: true, webauthn:extension:largeBlob: true, webauthn:extension:minPinLength: true, webauthn:extension:prf: true, webauthn:virtualAuthenticators: true}
Element: [[ChromeDriver: chrome on windows (3e021834db4b667b2991b363cf039457)] -> xpath: (//mat-table[@role='table']//a)[3]]
Session ID: 3e021834db4b667b2991b363cf039457
at java.base/jdk.internal.reflect.DirectConstructorHandleAccessor.newInstance(DirectConstructorHandleAccessor.java:67)
at java.base/java.lang.reflect.Constructor.newInstanceWithCaller(Constructor.java:500)
at java.base/java.lang.reflect.Constructor.newInstance(Constructor.java:484)
at org.openqa.selenium.remote.ErrorCodec.decode(ErrorCodec.java:167)
at org.openqa.selenium.remote.codec.w3c.W3CHttpResponseCodec.decode(W3CHttpResponseCodec.java:138)
at org.openqa.selenium.remote.codec.w3c.W3CHttpResponseCodec.decode(W3CHttpResponseCodec.java:50)
at org.openqa.selenium.remote.HttpCommandExecutor.execute(HttpCommandExecutor.java:190)
at org.openqa.selenium.remote.service.DriverCommandExecutor.invokeExecute(DriverCommandExecutor.java:216)
at org.openqa.selenium.remote.service.DriverCommandExecutor.execute(DriverCommandExecutor.java:174)
at org.openqa.selenium.remote.RemoteWebDriver.execute(RemoteWebDriver.java:545)
at org.openqa.selenium.remote.RemoteWebElement.execute(RemoteWebElement.java:223)
at org.openqa.selenium.remote.RemoteWebElement.click(RemoteWebElement.java:76)
at org.qa.gritracker.pages.OrderEditPage.driverInTransit(OrderEditPage.java:188)
at org.qa.gittracker.tests.OrderEditPageTest.testDriverInTransit(OrderEditPageTest.java:44)
at java.base/jdk.internal.reflect.DirectMethodHandleAccessor.invoke(DirectMethodHandleAccessor.java:104)
at java.base/java.lang.reflect.Method.invoke(Method.java:578)
at org.testng.internal.invokers.MethodInvocationHelper.invokeMethod(MethodInvocationHelper.java:141)
at org.testng.internal.invokers.TestInvoker.invokeMethod(TestInvoker.java:686)
at org.testng.internal.invokers.TestInvoker.invokeTestMethod(TestInvoker.java:230)
at org.testng.internal.invokers.MethodRunner.runInSequence(MethodRunner.java:63)
at org.testng.internal.invokers.TestInvoker$MethodInvocationAgent.invoke(TestInvoker.java:992)
at org.testng.internal.invokers.TestInvoker.invokeTestMethods(TestInvoker.java:203)
at org.testng.internal.invokers.TestMethodWorker.invokeTestMethods(TestMethodWorker.java:154)
at org.testng.internal.invokers.TestMethodWorker.run(TestMethodWorker.java:134)
at java.base/java.util.ArrayList.forEach(ArrayList.java:1511)
at org.testng.TestRunner.privateRun(TestRunner.java:739)
at org.testng.TestRunner.run(TestRunner.java:614)
at org.testng.SuiteRunner.runTest(SuiteRunner.java:421)
at org.testng.SuiteRunner.runSequentially(SuiteRunner.java:413)
at org.testng.SuiteRunner.privateRun(SuiteRunner.java:373)
at org.testng.SuiteRunner.run(SuiteRunner.java:312)
at org.testng.SuiteRunnerWorker.runSuite(SuiteRunnerWorker.java:52)
at org.testng.SuiteRunnerWorker.run(SuiteRunnerWorker.java:95)
at org.testng.TestNG.runSuitesSequentially(TestNG.java:1274)
at org.testng.TestNG.runSuitesLocally(TestNG.java:1208)
at org.testng.TestNG.runSuites(TestNG.java:1112)
at org.testng.TestNG.run(TestNG.java:1079)
at org.apache.maven.surefire.testng.TestNGExecutor.run(TestNGExecutor.java:283)
at org.apache.maven.surefire.testng.TestNGXmlTestSuite.execute(TestNGXmlTestSuite.java:75)
at org.apache.maven.surefire.testng.TestNGProvider.invoke(TestNGProvider.java:120)
at org.apache.maven.surefire.booter.ForkedBooter.invokeProviderInSameClassLoader(ForkedBooter.java:386)
at org.apache.maven.surefire.booter.ForkedBooter.runSuitesInProcess(ForkedBooter.java:323)
at org.apache.maven.surefire.booter.ForkedBooter.main(ForkedBooter.java:143)
]]>
            </full-stacktrace>
          </exception> <!-- org.openqa.selenium.ElementClickInterceptedException -->
          <reporter-output>
          </reporter-output>
        </test-method> <!-- testDriverInTransit -->
        <test-method signature="testVechileInTransit()[pri:5, instance:org.qa.gittracker.tests.OrderEditPageTest@636be97c]" started-at="2025-03-25T14:42:42 IST" name="testVechileInTransit" finished-at="2025-03-25T14:42:50 IST" duration-ms="8586" status="PASS">
          <reporter-output>
          </reporter-output>
        </test-method> <!-- testVechileInTransit -->
        <test-method is-config="true" signature="tearDown()[pri:0, instance:org.qa.gittracker.tests.OrderEditPageTest@636be97c]" started-at="2025-03-25T14:42:50 IST" name="tearDown" finished-at="2025-03-25T14:42:51 IST" duration-ms="303" status="PASS">
          <reporter-output>
          </reporter-output>
        </test-method> <!-- tearDown -->
      </class> <!-- org.qa.gittracker.tests.OrderEditPageTest -->
    </test> <!-- OrderEditPageTest -->
  </suite> <!-- Suite -->
</testng-results>
