<?xml version="1.0" encoding="UTF-8"?>
<testng-results ignored="0" total="4" passed="3" failed="1" skipped="0">
  <reporter-output>
  </reporter-output>
  <suite started-at="2025-04-15T10:48:50 IST" name="Suite" finished-at="2025-04-15T10:50:17 IST" duration-ms="87347">
    <groups>
    </groups>
    <test started-at="2025-04-15T10:48:50 IST" name="CustomerLoginPageTest" finished-at="2025-04-15T10:49:10 IST" duration-ms="19722">
      <class name="org.qa.customer.tests.CustomerLoginPageTest">
        <test-method is-config="true" signature="setUp()[pri:0, instance:org.qa.customer.tests.CustomerLoginPageTest@4ddced80]" started-at="2025-04-15T10:48:50 IST" name="setUp" finished-at="2025-04-15T10:49:04 IST" duration-ms="14102" status="PASS">
          <reporter-output>
          </reporter-output>
        </test-method> <!-- setUp -->
        <test-method signature="testLoginPageTitle()[pri:1, instance:org.qa.customer.tests.CustomerLoginPageTest@4ddced80]" started-at="2025-04-15T10:49:04 IST" name="testLoginPageTitle" finished-at="2025-04-15T10:49:04 IST" duration-ms="30" status="PASS">
          <reporter-output>
          </reporter-output>
        </test-method> <!-- testLoginPageTitle -->
        <test-method signature="testCustomerLogin()[pri:2, instance:org.qa.customer.tests.CustomerLoginPageTest@4ddced80]" started-at="2025-04-15T10:49:04 IST" name="testCustomerLogin" finished-at="2025-04-15T10:49:10 IST" duration-ms="5541" status="PASS">
          <reporter-output>
          </reporter-output>
        </test-method> <!-- testCustomerLogin -->
        <test-method is-config="true" signature="tearDown()[pri:0, instance:org.qa.customer.tests.CustomerLoginPageTest@4ddced80]" started-at="2025-04-15T10:49:10 IST" name="tearDown" finished-at="2025-04-15T10:49:10 IST" duration-ms="0" status="PASS">
          <reporter-output>
          </reporter-output>
        </test-method> <!-- tearDown -->
      </class> <!-- org.qa.customer.tests.CustomerLoginPageTest -->
    </test> <!-- CustomerLoginPageTest -->
    <test started-at="2025-04-15T10:49:10 IST" name="OrderRequestPageTest" finished-at="2025-04-15T10:50:17 IST" duration-ms="67504">
      <class name="org.qa.customer.tests.OrderRequestPageTest">
        <test-method is-config="true" signature="setUp()[pri:0, instance:org.qa.customer.tests.OrderRequestPageTest@6a28ffa4]" started-at="2025-04-15T10:49:10 IST" name="setUp" finished-at="2025-04-15T10:49:20 IST" duration-ms="9792" status="PASS">
          <reporter-output>
          </reporter-output>
        </test-method> <!-- setUp -->
        <test-method is-config="true" signature="doLogin()[pri:0, instance:org.qa.customer.tests.OrderRequestPageTest@6a28ffa4]" started-at="2025-04-15T10:49:20 IST" name="doLogin" finished-at="2025-04-15T10:49:23 IST" duration-ms="3492" status="PASS">
          <reporter-output>
          </reporter-output>
        </test-method> <!-- doLogin -->
        <test-method signature="verifyCreatingOrderRequest()[pri:0, instance:org.qa.customer.tests.OrderRequestPageTest@6a28ffa4]" started-at="2025-04-15T10:49:23 IST" name="verifyCreatingOrderRequest" finished-at="2025-04-15T10:49:33 IST" duration-ms="9329" status="PASS">
          <reporter-output>
          </reporter-output>
        </test-method> <!-- verifyCreatingOrderRequest -->
        <test-method signature="sendRequest()[pri:1, instance:org.qa.customer.tests.OrderRequestPageTest@6a28ffa4]" started-at="2025-04-15T10:49:33 IST" name="sendRequest" finished-at="2025-04-15T10:50:17 IST" duration-ms="44877" status="FAIL">
          <exception class="org.openqa.selenium.TimeoutException">
            <message>
              <![CDATA[Expected condition failed: waiting for visibility of element located by By.xpath: //div[text()=' Order Request Submitted Successfully '] (tried for 30 second(s) with 5000 milliseconds interval)
Build info: version: '4.27.0', revision: 'd6e718d134'
System info: os.name: 'Windows 11', os.arch: 'amd64', os.version: '10.0', java.version: '19.0.2'
Driver info: driver.version: unknown]]>
            </message>
            <full-stacktrace>
              <![CDATA[org.openqa.selenium.TimeoutException: Expected condition failed: waiting for visibility of element located by By.xpath: //div[text()=' Order Request Submitted Successfully '] (tried for 30 second(s) with 5000 milliseconds interval)
Build info: version: '4.27.0', revision: 'd6e718d134'
System info: os.name: 'Windows 11', os.arch: 'amd64', os.version: '10.0', java.version: '19.0.2'
Driver info: driver.version: unknown
at org.openqa.selenium.support.ui.FluentWait.timeoutException(FluentWait.java:265)
at org.openqa.selenium.support.ui.FluentWait.until(FluentWait.java:228)
at org.qa.gittracker.utils.ElementUtil.fluentWaitPresenceOfWebElement(ElementUtil.java:58)
at org.qa.gittracker.utils.ElementUtil.getWebelement(ElementUtil.java:93)
at org.qa.customer.pages.OrderRequestPage.getSuccessMessage(OrderRequestPage.java:89)
at org.qa.customer.tests.OrderRequestPageTest.sendRequest(OrderRequestPageTest.java:27)
at java.base/jdk.internal.reflect.DirectMethodHandleAccessor.invoke(DirectMethodHandleAccessor.java:104)
at java.base/java.lang.reflect.Method.invoke(Method.java:578)
at org.testng.internal.invokers.MethodInvocationHelper.invokeMethod(MethodInvocationHelper.java:141)
at org.testng.internal.invokers.TestInvoker.invokeMethod(TestInvoker.java:686)
at org.testng.internal.invokers.TestInvoker.invokeTestMethod(TestInvoker.java:230)
at org.testng.internal.invokers.MethodRunner.runInSequence(MethodRunner.java:63)
at org.testng.internal.invokers.TestInvoker$MethodInvocationAgent.invoke(TestInvoker.java:992)
at org.testng.internal.invokers.TestInvoker.invokeTestMethods(TestInvoker.java:203)
at org.testng.internal.invokers.TestMethodWorker.invokeTestMethods(TestMethodWorker.java:154)
at org.testng.internal.invokers.TestMethodWorker.run(TestMethodWorker.java:134)
at java.base/java.util.ArrayList.forEach(ArrayList.java:1511)
at org.testng.TestRunner.privateRun(TestRunner.java:739)
at org.testng.TestRunner.run(TestRunner.java:614)
at org.testng.SuiteRunner.runTest(SuiteRunner.java:421)
at org.testng.SuiteRunner.runSequentially(SuiteRunner.java:413)
at org.testng.SuiteRunner.privateRun(SuiteRunner.java:373)
at org.testng.SuiteRunner.run(SuiteRunner.java:312)
at org.testng.SuiteRunnerWorker.runSuite(SuiteRunnerWorker.java:52)
at org.testng.SuiteRunnerWorker.run(SuiteRunnerWorker.java:95)
at org.testng.TestNG.runSuitesSequentially(TestNG.java:1274)
at org.testng.TestNG.runSuitesLocally(TestNG.java:1208)
at org.testng.TestNG.runSuites(TestNG.java:1112)
at org.testng.TestNG.run(TestNG.java:1079)
at org.apache.maven.surefire.testng.TestNGExecutor.run(TestNGExecutor.java:283)
at org.apache.maven.surefire.testng.TestNGXmlTestSuite.execute(TestNGXmlTestSuite.java:75)
at org.apache.maven.surefire.testng.TestNGProvider.invoke(TestNGProvider.java:120)
at org.apache.maven.surefire.booter.ForkedBooter.invokeProviderInSameClassLoader(ForkedBooter.java:386)
at org.apache.maven.surefire.booter.ForkedBooter.runSuitesInProcess(ForkedBooter.java:323)
at org.apache.maven.surefire.booter.ForkedBooter.main(ForkedBooter.java:143)
]]>
            </full-stacktrace>
          </exception> <!-- org.openqa.selenium.TimeoutException -->
          <reporter-output>
          </reporter-output>
        </test-method> <!-- sendRequest -->
        <test-method is-config="true" signature="tearDown()[pri:0, instance:org.qa.customer.tests.OrderRequestPageTest@6a28ffa4]" started-at="2025-04-15T10:50:17 IST" name="tearDown" finished-at="2025-04-15T10:50:17 IST" duration-ms="0" status="PASS">
          <reporter-output>
          </reporter-output>
        </test-method> <!-- tearDown -->
      </class> <!-- org.qa.customer.tests.OrderRequestPageTest -->
    </test> <!-- OrderRequestPageTest -->
  </suite> <!-- Suite -->
</testng-results>
