<?xml version="1.0" encoding="UTF-8"?>
<testng-results ignored="0" total="3" passed="3" failed="0" skipped="0">
  <reporter-output>
  </reporter-output>
  <suite started-at="2025-03-18T15:41:16 IST" name="Suite" finished-at="2025-03-18T15:42:00 IST" duration-ms="44435">
    <groups>
    </groups>
    <test started-at="2025-03-18T15:41:16 IST" name="LoginPageTest" finished-at="2025-03-18T15:41:35 IST" duration-ms="19334">
      <class name="org.qa.gittracker.tests.LoginPageTest">
        <test-method is-config="true" signature="setUp()[pri:0, instance:org.qa.gittracker.tests.LoginPageTest@4ddced80]" started-at="2025-03-18T15:41:16 IST" name="setUp" finished-at="2025-03-18T15:41:28 IST" duration-ms="12621" status="PASS">
          <reporter-output>
          </reporter-output>
        </test-method> <!-- setUp -->
        <test-method signature="testLoginPageTitle()[pri:1, instance:org.qa.gittracker.tests.LoginPageTest@4ddced80]" started-at="2025-03-18T15:41:28 IST" name="testLoginPageTitle" finished-at="2025-03-18T15:41:28 IST" duration-ms="16" status="PASS">
          <reporter-output>
          </reporter-output>
        </test-method> <!-- testLoginPageTitle -->
        <test-method signature="testLogin()[pri:2, instance:org.qa.gittracker.tests.LoginPageTest@4ddced80]" started-at="2025-03-18T15:41:28 IST" name="testLogin" finished-at="2025-03-18T15:41:35 IST" duration-ms="6629" status="PASS">
          <reporter-output>
          </reporter-output>
        </test-method> <!-- testLogin -->
        <test-method is-config="true" signature="tearDown()[pri:0, instance:org.qa.gittracker.tests.LoginPageTest@4ddced80]" started-at="2025-03-18T15:41:35 IST" name="tearDown" finished-at="2025-03-18T15:41:35 IST" duration-ms="4" status="PASS">
          <reporter-output>
          </reporter-output>
        </test-method> <!-- tearDown -->
      </class> <!-- org.qa.gittracker.tests.LoginPageTest -->
    </test> <!-- LoginPageTest -->
    <test started-at="2025-03-18T15:41:35 IST" name="OrderPageTest" finished-at="2025-03-18T15:42:00 IST" duration-ms="24998">
      <class name="org.qa.gittracker.tests.OrderPageTest">
        <test-method is-config="true" signature="setUp()[pri:0, instance:org.qa.gittracker.tests.OrderPageTest@9353778]" started-at="2025-03-18T15:41:35 IST" name="setUp" finished-at="2025-03-18T15:41:46 IST" duration-ms="10626" status="PASS">
          <reporter-output>
          </reporter-output>
        </test-method> <!-- setUp -->
        <test-method is-config="true" signature="doLogin()[pri:0, instance:org.qa.gittracker.tests.OrderPageTest@9353778]" started-at="2025-03-18T15:41:46 IST" name="doLogin" finished-at="2025-03-18T15:41:49 IST" duration-ms="3433" status="PASS">
          <reporter-output>
          </reporter-output>
        </test-method> <!-- doLogin -->
        <test-method signature="testCreateOrder()[pri:0, instance:org.qa.gittracker.tests.OrderPageTest@9353778]" started-at="2025-03-18T15:41:49 IST" name="testCreateOrder" finished-at="2025-03-18T15:42:00 IST" duration-ms="10935" status="PASS">
          <reporter-output>
          </reporter-output>
        </test-method> <!-- testCreateOrder -->
        <test-method is-config="true" signature="tearDown()[pri:0, instance:org.qa.gittracker.tests.OrderPageTest@9353778]" started-at="2025-03-18T15:42:00 IST" name="tearDown" finished-at="2025-03-18T15:42:00 IST" duration-ms="0" status="PASS">
          <reporter-output>
          </reporter-output>
        </test-method> <!-- tearDown -->
      </class> <!-- org.qa.gittracker.tests.OrderPageTest -->
    </test> <!-- OrderPageTest -->
  </suite> <!-- Suite -->
</testng-results>
