<?xml version="1.0" encoding="UTF-8"?>
<testsuite xmlns:xsi="http://www.w3.org/2001/XMLSchema-instance" xsi:noNamespaceSchemaLocation="https://maven.apache.org/surefire/maven-surefire-plugin/xsd/surefire-test-report.xsd" name="TestSuite" time="45.101" tests="3" errors="0" skipped="0" failures="0">
  <properties>
[...]
</properties>
  <testcase name="testLoginPageTitle" classname="org.qa.gittracker.tests.LoginPageTest" time="0.019"/>
  <testcase name="testLogin" classname="org.qa.gittracker.tests.LoginPageTest" time="6.628"/>
  <testcase name="testCreateOrder" classname="org.qa.gittracker.tests.OrderPageTest" time="10.935"/>
</testsuite>