<?xml version="1.0" encoding="UTF-8"?>
<testsuite xmlns:xsi="http://www.w3.org/2001/XMLSchema-instance" xsi:noNamespaceSchemaLocation="https://maven.apache.org/surefire/maven-surefire-plugin/xsd/surefire-test-report.xsd" name="TestSuite" time="153.724" tests="7" errors="0" skipped="0" failures="1">
  <properties>
[...]
</properties>
  <testcase name="testLoginPageTitle" classname="org.qa.gittracker.tests.LoginPageTest" time="0.009"/>
  <testcase name="testLogin" classname="org.qa.gittracker.tests.LoginPageTest" time="6.373"/>
  <testcase name="testCreateOrder" classname="org.qa.gittracker.tests.OrderPageTest" time="27.728"/>
  <testcase name="testOrderPageURL" classname="org.qa.gittracker.tests.OrderListPageTest" time="3.043"/>
  <testcase name="testSearchOrder" classname="org.qa.gittracker.tests.OrderListPageTest" time="18.786"/>
  <testcase name="testDriverInTransit" classname="org.qa.gittracker.tests.OrderEditPageTest" time="46.567">
    <failure message="element click intercepted: Element &lt;a _ngcontent-bvh-c286=&quot;&quot; mat-button=&quot;&quot; class=&quot;mat-focus-indicator pl-0 ng-tns-c286-2 mat-button mat-button-base mat-primary&quot; aria-disabled=&quot;false&quot;&gt;...&lt;/a&gt; is not clickable at point (312, 468). Other element would receive the click: &lt;mat-dialog-content _ngcontent-bvh-c285=&quot;&quot; class=&quot;mat-dialog-content&quot;&gt;...&lt;/mat-dialog-content&gt;&#10;  (Session info: chrome=134.0.6998.165)&#10;Build info: version: &apos;4.27.0&apos;, revision: &apos;d6e718d134&apos;&#10;System info: os.name: &apos;Windows 11&apos;, os.arch: &apos;amd64&apos;, os.version: &apos;10.0&apos;, java.version: &apos;19.0.2&apos;&#10;Driver info: org.openqa.selenium.chrome.ChromeDriver&#10;Command: [3e021834db4b667b2991b363cf039457, clickElement {id=f.B08EF2C650E4686C7256288B55A6A20C.d.58611DE49DB937ACA2DBCEA5E82578DB.e.202}]&#10;Capabilities {acceptInsecureCerts: false, browserName: chrome, browserVersion: 134.0.6998.165, chrome: {chromedriverVersion: 134.0.6998.165 (fd886e2cb29..., userDataDir: C:\Users\User\AppData\Local...}, fedcm:accounts: true, goog:chromeOptions: {debuggerAddress: localhost:54659}, networkConnectionEnabled: false, pageLoadStrategy: normal, platformName: windows, proxy: Proxy(), se:cdp: ws://localhost:54659/devtoo..., se:cdpVersion: 134.0.6998.165, setWindowRect: true, strictFileInteractability: false, timeouts: {implicit: 0, pageLoad: 300000, script: 30000}, unhandledPromptBehavior: dismiss and notify, webauthn:extension:credBlob: true, webauthn:extension:largeBlob: true, webauthn:extension:minPinLength: true, webauthn:extension:prf: true, webauthn:virtualAuthenticators: true}&#10;Element: [[ChromeDriver: chrome on windows (3e021834db4b667b2991b363cf039457)] -&gt; xpath: (//mat-table[@role=&apos;table&apos;]//a)[3]]&#10;Session ID: 3e021834db4b667b2991b363cf039457" type="org.openqa.selenium.ElementClickInterceptedException"><![CDATA[org.openqa.selenium.ElementClickInterceptedException: 
element click intercepted: Element <a _ngcontent-bvh-c286="" mat-button="" class="mat-focus-indicator pl-0 ng-tns-c286-2 mat-button mat-button-base mat-primary" aria-disabled="false">...</a> is not clickable at point (312, 468). Other element would receive the click: <mat-dialog-content _ngcontent-bvh-c285="" class="mat-dialog-content">...</mat-dialog-content>
  (Session info: chrome=134.0.6998.165)
Build info: version: '4.27.0', revision: 'd6e718d134'
System info: os.name: 'Windows 11', os.arch: 'amd64', os.version: '10.0', java.version: '19.0.2'
Driver info: org.openqa.selenium.chrome.ChromeDriver
Command: [3e021834db4b667b2991b363cf039457, clickElement {id=f.B08EF2C650E4686C7256288B55A6A20C.d.58611DE49DB937ACA2DBCEA5E82578DB.e.202}]
Capabilities {acceptInsecureCerts: false, browserName: chrome, browserVersion: 134.0.6998.165, chrome: {chromedriverVersion: 134.0.6998.165 (fd886e2cb29..., userDataDir: C:\Users\User\AppData\Local...}, fedcm:accounts: true, goog:chromeOptions: {debuggerAddress: localhost:54659}, networkConnectionEnabled: false, pageLoadStrategy: normal, platformName: windows, proxy: Proxy(), se:cdp: ws://localhost:54659/devtoo..., se:cdpVersion: 134.0.6998.165, setWindowRect: true, strictFileInteractability: false, timeouts: {implicit: 0, pageLoad: 300000, script: 30000}, unhandledPromptBehavior: dismiss and notify, webauthn:extension:credBlob: true, webauthn:extension:largeBlob: true, webauthn:extension:minPinLength: true, webauthn:extension:prf: true, webauthn:virtualAuthenticators: true}
Element: [[ChromeDriver: chrome on windows (3e021834db4b667b2991b363cf039457)] -> xpath: (//mat-table[@role='table']//a)[3]]
Session ID: 3e021834db4b667b2991b363cf039457
	at org.qa.gittracker.tests.OrderEditPageTest.testDriverInTransit(OrderEditPageTest.java:44)
]]></failure>
    <system-err><![CDATA[Mar 25, 2025 2:41:46 PM org.openqa.selenium.devtools.CdpVersionFinder findNearestMatch
WARNING: Unable to find an exact match for CDP version 134, returning the closest version; found: 131; Please update to a Selenium version that supports CDP version 134
]]></system-err>
  </testcase>
  <testcase name="testVechileInTransit" classname="org.qa.gittracker.tests.OrderEditPageTest" time="8.59"/>
</testsuite>