<?xml version="1.0" encoding="UTF-8"?>
<testng-results ignored="0" total="2" passed="2" failed="0" skipped="0">
  <reporter-output>
  </reporter-output>
  <suite started-at="2025-03-25T13:22:47 IST" name="Suite" finished-at="2025-03-25T13:23:51 IST" duration-ms="64227">
    <groups>
    </groups>
    <test started-at="2025-03-25T13:22:47 IST" name="LoginPageTest" finished-at="2025-03-25T13:23:51 IST" duration-ms="64227">
      <class name="org.qa.gittracker.tests.LoginPageTest">
        <test-method is-config="true" signature="setUp()[pri:0, instance:org.qa.gittracker.tests.LoginPageTest@4ddced80]" started-at="2025-03-25T13:22:47 IST" name="setUp" finished-at="2025-03-25T13:23:45 IST" duration-ms="57523" status="PASS">
          <reporter-output>
          </reporter-output>
        </test-method> <!-- setUp -->
        <test-method signature="testLoginPageTitle()[pri:1, instance:org.qa.gittracker.tests.LoginPageTest@4ddced80]" started-at="2025-03-25T13:23:45 IST" name="testLoginPageTitle" finished-at="2025-03-25T13:23:45 IST" duration-ms="25" status="PASS">
          <reporter-output>
          </reporter-output>
        </test-method> <!-- testLoginPageTitle -->
        <test-method signature="testLogin()[pri:2, instance:org.qa.gittracker.tests.LoginPageTest@4ddced80]" started-at="2025-03-25T13:23:45 IST" name="testLogin" finished-at="2025-03-25T13:23:51 IST" duration-ms="6502" status="PASS">
          <reporter-output>
          </reporter-output>
        </test-method> <!-- testLogin -->
        <test-method is-config="true" signature="tearDown()[pri:0, instance:org.qa.gittracker.tests.LoginPageTest@4ddced80]" started-at="2025-03-25T13:23:51 IST" name="tearDown" finished-at="2025-03-25T13:23:51 IST" duration-ms="117" status="PASS">
          <reporter-output>
          </reporter-output>
        </test-method> <!-- tearDown -->
      </class> <!-- org.qa.gittracker.tests.LoginPageTest -->
    </test> <!-- LoginPageTest -->
  </suite> <!-- Suite -->
</testng-results>
