<?xml version="1.0" encoding="UTF-8"?>
<testng-results ignored="0" total="7" passed="7" failed="0" skipped="0">
  <reporter-output>
  </reporter-output>
  <suite started-at="2025-03-24T10:13:35 IST" name="Suite" finished-at="2025-03-24T10:18:12 IST" duration-ms="276177">
    <groups>
    </groups>
    <test started-at="2025-03-24T10:13:35 IST" name="OrderPageTest" finished-at="2025-03-24T10:14:45 IST" duration-ms="69093">
      <class name="org.qa.gittracker.tests.OrderPageTest">
        <test-method is-config="true" signature="setUp()[pri:0, instance:org.qa.gittracker.tests.OrderPageTest@1534f01b]" started-at="2025-03-24T10:13:35 IST" name="setUp" finished-at="2025-03-24T10:14:09 IST" duration-ms="33387" status="PASS">
          <reporter-output>
          </reporter-output>
        </test-method> <!-- setUp -->
        <test-method is-config="true" signature="doLogin()[pri:0, instance:org.qa.gittracker.tests.OrderPageTest@1534f01b]" started-at="2025-03-24T10:14:09 IST" name="doLogin" finished-at="2025-03-24T10:14:12 IST" duration-ms="3418" status="PASS">
          <reporter-output>
          </reporter-output>
        </test-method> <!-- doLogin -->
        <test-method signature="testCreateOrder()[pri:0, instance:org.qa.gittracker.tests.OrderPageTest@1534f01b]" started-at="2025-03-24T10:14:12 IST" name="testCreateOrder" finished-at="2025-03-24T10:14:45 IST" duration-ms="32249" status="PASS">
          <reporter-output>
          </reporter-output>
        </test-method> <!-- testCreateOrder -->
        <test-method is-config="true" signature="tearDown()[pri:0, instance:org.qa.gittracker.tests.OrderPageTest@1534f01b]" started-at="2025-03-24T10:14:45 IST" name="tearDown" finished-at="2025-03-24T10:14:45 IST" duration-ms="0" status="PASS">
          <reporter-output>
          </reporter-output>
        </test-method> <!-- tearDown -->
      </class> <!-- org.qa.gittracker.tests.OrderPageTest -->
    </test> <!-- OrderPageTest -->
    <test started-at="2025-03-24T10:14:45 IST" name="OrderListPageTest" finished-at="2025-03-24T10:15:54 IST" duration-ms="68896">
      <class name="org.qa.gittracker.tests.OrderListPageTest">
        <test-method is-config="true" signature="setUp()[pri:0, instance:org.qa.gittracker.tests.OrderListPageTest@353d0772]" started-at="2025-03-24T10:14:45 IST" name="setUp" finished-at="2025-03-24T10:15:28 IST" duration-ms="43469" status="PASS">
          <reporter-output>
          </reporter-output>
        </test-method> <!-- setUp -->
        <test-method is-config="true" signature="doLogin()[pri:0, instance:org.qa.gittracker.tests.OrderListPageTest@353d0772]" started-at="2025-03-24T10:15:28 IST" name="doLogin" finished-at="2025-03-24T10:15:32 IST" duration-ms="3377" status="PASS">
          <reporter-output>
          </reporter-output>
        </test-method> <!-- doLogin -->
        <test-method signature="testOrderPageURL()[pri:0, instance:org.qa.gittracker.tests.OrderListPageTest@353d0772]" started-at="2025-03-24T10:15:32 IST" name="testOrderPageURL" finished-at="2025-03-24T10:15:35 IST" duration-ms="3049" status="PASS">
          <reporter-output>
          </reporter-output>
        </test-method> <!-- testOrderPageURL -->
        <test-method signature="testSearchOrder()[pri:1, instance:org.qa.gittracker.tests.OrderListPageTest@353d0772]" started-at="2025-03-24T10:15:35 IST" name="testSearchOrder" finished-at="2025-03-24T10:15:54 IST" duration-ms="18985" status="PASS">
          <reporter-output>
          </reporter-output>
        </test-method> <!-- testSearchOrder -->
        <test-method is-config="true" signature="tearDown()[pri:0, instance:org.qa.gittracker.tests.OrderListPageTest@353d0772]" started-at="2025-03-24T10:15:54 IST" name="tearDown" finished-at="2025-03-24T10:15:54 IST" duration-ms="0" status="PASS">
          <reporter-output>
          </reporter-output>
        </test-method> <!-- tearDown -->
      </class> <!-- org.qa.gittracker.tests.OrderListPageTest -->
    </test> <!-- OrderListPageTest -->
    <test started-at="2025-03-24T10:15:54 IST" name="OrderEditPageTest" finished-at="2025-03-24T10:18:12 IST" duration-ms="138054">
      <class name="org.qa.gittracker.tests.OrderEditPageTest">
        <test-method is-config="true" signature="setUp()[pri:0, instance:org.qa.gittracker.tests.OrderEditPageTest@31d7b7bf]" started-at="2025-03-24T10:15:54 IST" name="setUp" finished-at="2025-03-24T10:16:17 IST" duration-ms="23322" status="PASS">
          <reporter-output>
          </reporter-output>
        </test-method> <!-- setUp -->
        <test-method is-config="true" signature="doLogin()[pri:0, instance:org.qa.gittracker.tests.OrderEditPageTest@31d7b7bf]" started-at="2025-03-24T10:16:17 IST" name="doLogin" finished-at="2025-03-24T10:16:20 IST" duration-ms="3455" status="PASS">
          <reporter-output>
          </reporter-output>
        </test-method> <!-- doLogin -->
        <test-method signature="testRequested()[pri:0, instance:org.qa.gittracker.tests.OrderEditPageTest@31d7b7bf]" started-at="2025-03-24T10:16:20 IST" name="testRequested" finished-at="2025-03-24T10:16:41 IST" duration-ms="20955" status="PASS">
          <reporter-output>
          </reporter-output>
        </test-method> <!-- testRequested -->
        <test-method signature="testDispatchEvent()[pri:1, instance:org.qa.gittracker.tests.OrderEditPageTest@31d7b7bf]" started-at="2025-03-24T10:16:41 IST" name="testDispatchEvent" finished-at="2025-03-24T10:17:06 IST" duration-ms="24370" status="PASS">
          <reporter-output>
          </reporter-output>
        </test-method> <!-- testDispatchEvent -->
        <test-method signature="testInTransit()[pri:2, instance:org.qa.gittracker.tests.OrderEditPageTest@31d7b7bf]" started-at="2025-03-24T10:17:06 IST" name="testInTransit" finished-at="2025-03-24T10:17:39 IST" duration-ms="32840" status="PASS">
          <reporter-output>
          </reporter-output>
        </test-method> <!-- testInTransit -->
        <test-method signature="testDelivered()[pri:3, instance:org.qa.gittracker.tests.OrderEditPageTest@31d7b7bf]" started-at="2025-03-24T10:17:39 IST" name="testDelivered" finished-at="2025-03-24T10:18:12 IST" duration-ms="33111" status="PASS">
          <reporter-output>
          </reporter-output>
        </test-method> <!-- testDelivered -->
        <test-method is-config="true" signature="tearDown()[pri:0, instance:org.qa.gittracker.tests.OrderEditPageTest@31d7b7bf]" started-at="2025-03-24T10:18:12 IST" name="tearDown" finished-at="2025-03-24T10:18:12 IST" duration-ms="0" status="PASS">
          <reporter-output>
          </reporter-output>
        </test-method> <!-- tearDown -->
      </class> <!-- org.qa.gittracker.tests.OrderEditPageTest -->
    </test> <!-- OrderEditPageTest -->
  </suite> <!-- Suite -->
</testng-results>
