<?xml version="1.0" encoding="UTF-8"?>
<testng-results ignored="0" total="7" passed="7" failed="0" skipped="0">
  <reporter-output>
  </reporter-output>
  <suite started-at="2025-03-24T09:49:19 IST" name="Suite" finished-at="2025-03-24T09:55:38 IST" duration-ms="378423">
    <groups>
    </groups>
    <test started-at="2025-03-24T09:49:19 IST" name="OrderPageTest" finished-at="2025-03-24T09:51:46 IST" duration-ms="146780">
      <class name="org.qa.gittracker.tests.OrderPageTest">
        <test-method is-config="true" signature="setUp()[pri:0, instance:org.qa.gittracker.tests.OrderPageTest@1534f01b]" started-at="2025-03-24T09:49:19 IST" name="setUp" finished-at="2025-03-24T09:51:11 IST" duration-ms="111596" status="PASS">
          <reporter-output>
          </reporter-output>
        </test-method> <!-- setUp -->
        <test-method is-config="true" signature="doLogin()[pri:0, instance:org.qa.gittracker.tests.OrderPageTest@1534f01b]" started-at="2025-03-24T09:51:11 IST" name="doLogin" finished-at="2025-03-24T09:51:14 IST" duration-ms="3301" status="PASS">
          <reporter-output>
          </reporter-output>
        </test-method> <!-- doLogin -->
        <test-method signature="testCreateOrder()[pri:0, instance:org.qa.gittracker.tests.OrderPageTest@1534f01b]" started-at="2025-03-24T09:51:14 IST" name="testCreateOrder" finished-at="2025-03-24T09:51:46 IST" duration-ms="31866" status="PASS">
          <reporter-output>
          </reporter-output>
        </test-method> <!-- testCreateOrder -->
        <test-method is-config="true" signature="tearDown()[pri:0, instance:org.qa.gittracker.tests.OrderPageTest@1534f01b]" started-at="2025-03-24T09:51:46 IST" name="tearDown" finished-at="2025-03-24T09:51:46 IST" duration-ms="0" status="PASS">
          <reporter-output>
          </reporter-output>
        </test-method> <!-- tearDown -->
      </class> <!-- org.qa.gittracker.tests.OrderPageTest -->
    </test> <!-- OrderPageTest -->
    <test started-at="2025-03-24T09:51:46 IST" name="OrderListPageTest" finished-at="2025-03-24T09:52:51 IST" duration-ms="64984">
      <class name="org.qa.gittracker.tests.OrderListPageTest">
        <test-method is-config="true" signature="setUp()[pri:0, instance:org.qa.gittracker.tests.OrderListPageTest@353d0772]" started-at="2025-03-24T09:51:46 IST" name="setUp" finished-at="2025-03-24T09:52:26 IST" duration-ms="39618" status="PASS">
          <reporter-output>
          </reporter-output>
        </test-method> <!-- setUp -->
        <test-method is-config="true" signature="doLogin()[pri:0, instance:org.qa.gittracker.tests.OrderListPageTest@353d0772]" started-at="2025-03-24T09:52:26 IST" name="doLogin" finished-at="2025-03-24T09:52:29 IST" duration-ms="3368" status="PASS">
          <reporter-output>
          </reporter-output>
        </test-method> <!-- doLogin -->
        <test-method signature="testOrderPageURL()[pri:0, instance:org.qa.gittracker.tests.OrderListPageTest@353d0772]" started-at="2025-03-24T09:52:29 IST" name="testOrderPageURL" finished-at="2025-03-24T09:52:32 IST" duration-ms="3026" status="PASS">
          <reporter-output>
          </reporter-output>
        </test-method> <!-- testOrderPageURL -->
        <test-method signature="testSearchOrder()[pri:1, instance:org.qa.gittracker.tests.OrderListPageTest@353d0772]" started-at="2025-03-24T09:52:32 IST" name="testSearchOrder" finished-at="2025-03-24T09:52:51 IST" duration-ms="18970" status="PASS">
          <reporter-output>
          </reporter-output>
        </test-method> <!-- testSearchOrder -->
        <test-method is-config="true" signature="tearDown()[pri:0, instance:org.qa.gittracker.tests.OrderListPageTest@353d0772]" started-at="2025-03-24T09:52:51 IST" name="tearDown" finished-at="2025-03-24T09:52:51 IST" duration-ms="1" status="PASS">
          <reporter-output>
          </reporter-output>
        </test-method> <!-- tearDown -->
      </class> <!-- org.qa.gittracker.tests.OrderListPageTest -->
    </test> <!-- OrderListPageTest -->
    <test started-at="2025-03-24T09:52:51 IST" name="OrderEditPageTest" finished-at="2025-03-24T09:55:38 IST" duration-ms="166591">
      <class name="org.qa.gittracker.tests.OrderEditPageTest">
        <test-method is-config="true" signature="setUp()[pri:0, instance:org.qa.gittracker.tests.OrderEditPageTest@31d7b7bf]" started-at="2025-03-24T09:52:51 IST" name="setUp" finished-at="2025-03-24T09:53:47 IST" duration-ms="55961" status="PASS">
          <reporter-output>
          </reporter-output>
        </test-method> <!-- setUp -->
        <test-method is-config="true" signature="doLogin()[pri:0, instance:org.qa.gittracker.tests.OrderEditPageTest@31d7b7bf]" started-at="2025-03-24T09:53:47 IST" name="doLogin" finished-at="2025-03-24T09:53:51 IST" duration-ms="3351" status="PASS">
          <reporter-output>
          </reporter-output>
        </test-method> <!-- doLogin -->
        <test-method signature="testRequested()[pri:0, instance:org.qa.gittracker.tests.OrderEditPageTest@31d7b7bf]" started-at="2025-03-24T09:53:51 IST" name="testRequested" finished-at="2025-03-24T09:54:11 IST" duration-ms="20959" status="PASS">
          <reporter-output>
          </reporter-output>
        </test-method> <!-- testRequested -->
        <test-method signature="testDispatchEvent()[pri:1, instance:org.qa.gittracker.tests.OrderEditPageTest@31d7b7bf]" started-at="2025-03-24T09:54:11 IST" name="testDispatchEvent" finished-at="2025-03-24T09:54:34 IST" duration-ms="22801" status="PASS">
          <reporter-output>
          </reporter-output>
        </test-method> <!-- testDispatchEvent -->
        <test-method signature="testInTransit()[pri:2, instance:org.qa.gittracker.tests.OrderEditPageTest@31d7b7bf]" started-at="2025-03-24T09:54:34 IST" name="testInTransit" finished-at="2025-03-24T09:55:06 IST" duration-ms="31223" status="PASS">
          <reporter-output>
          </reporter-output>
        </test-method> <!-- testInTransit -->
        <test-method signature="testDelivered()[pri:3, instance:org.qa.gittracker.tests.OrderEditPageTest@31d7b7bf]" started-at="2025-03-24T09:55:06 IST" name="testDelivered" finished-at="2025-03-24T09:55:38 IST" duration-ms="32291" status="PASS">
          <reporter-output>
          </reporter-output>
        </test-method> <!-- testDelivered -->
        <test-method is-config="true" signature="tearDown()[pri:0, instance:org.qa.gittracker.tests.OrderEditPageTest@31d7b7bf]" started-at="2025-03-24T09:55:38 IST" name="tearDown" finished-at="2025-03-24T09:55:38 IST" duration-ms="0" status="PASS">
          <reporter-output>
          </reporter-output>
        </test-method> <!-- tearDown -->
      </class> <!-- org.qa.gittracker.tests.OrderEditPageTest -->
    </test> <!-- OrderEditPageTest -->
  </suite> <!-- Suite -->
</testng-results>
