<?xml version="1.0" encoding="UTF-8"?>
<testng-results ignored="0" total="3" passed="3" failed="0" skipped="0">
  <reporter-output>
  </reporter-output>
  <suite started-at="2025-02-10T22:35:02 IST" name="Suite" finished-at="2025-02-10T22:35:39 IST" duration-ms="37320">
    <groups>
    </groups>
    <test started-at="2025-02-10T22:35:02 IST" name="LoginPageTest" finished-at="2025-02-10T22:35:19 IST" duration-ms="16785">
      <class name="org.qa.gittracker.tests.LoginPageTest">
        <test-method is-config="true" signature="setUp()[pri:0, instance:org.qa.gittracker.tests.LoginPageTest@77fbd92c]" started-at="2025-02-10T22:35:02 IST" name="setUp" finished-at="2025-02-10T22:35:12 IST" duration-ms="9901" status="PASS">
          <reporter-output>
          </reporter-output>
        </test-method> <!-- setUp -->
        <test-method signature="testLoginPageTitle()[pri:1, instance:org.qa.gittracker.tests.LoginPageTest@77fbd92c]" started-at="2025-02-10T22:35:12 IST" name="testLoginPageTitle" finished-at="2025-02-10T22:35:12 IST" duration-ms="23" status="PASS">
          <reporter-output>
          </reporter-output>
        </test-method> <!-- testLoginPageTitle -->
        <test-method signature="testLogin()[pri:2, instance:org.qa.gittracker.tests.LoginPageTest@77fbd92c]" started-at="2025-02-10T22:35:12 IST" name="testLogin" finished-at="2025-02-10T22:35:18 IST" duration-ms="6487" status="PASS">
          <reporter-output>
          </reporter-output>
        </test-method> <!-- testLogin -->
        <test-method is-config="true" signature="tearDown()[pri:0, instance:org.qa.gittracker.tests.LoginPageTest@77fbd92c]" started-at="2025-02-10T22:35:18 IST" name="tearDown" finished-at="2025-02-10T22:35:19 IST" duration-ms="299" status="PASS">
          <reporter-output>
          </reporter-output>
        </test-method> <!-- tearDown -->
      </class> <!-- org.qa.gittracker.tests.LoginPageTest -->
    </test> <!-- LoginPageTest -->
    <test started-at="2025-02-10T22:35:19 IST" name="OrderPageTest" finished-at="2025-02-10T22:35:39 IST" duration-ms="20436">
      <class name="org.qa.gittracker.tests.OrderPageTest">
        <test-method is-config="true" signature="setUp()[pri:0, instance:org.qa.gittracker.tests.OrderPageTest@618b19ad]" started-at="2025-02-10T22:35:19 IST" name="setUp" finished-at="2025-02-10T22:35:22 IST" duration-ms="2946" status="PASS">
          <reporter-output>
          </reporter-output>
        </test-method> <!-- setUp -->
        <test-method is-config="true" signature="doLogin()[pri:0, instance:org.qa.gittracker.tests.OrderPageTest@618b19ad]" started-at="2025-02-10T22:35:22 IST" name="doLogin" finished-at="2025-02-10T22:35:28 IST" duration-ms="6369" status="PASS">
          <reporter-output>
          </reporter-output>
        </test-method> <!-- doLogin -->
        <test-method signature="testCreateOrder()[pri:0, instance:org.qa.gittracker.tests.OrderPageTest@618b19ad]" started-at="2025-02-10T22:35:28 IST" name="testCreateOrder" finished-at="2025-02-10T22:35:39 IST" duration-ms="10785" status="PASS">
          <reporter-output>
          </reporter-output>
        </test-method> <!-- testCreateOrder -->
        <test-method is-config="true" signature="tearDown()[pri:0, instance:org.qa.gittracker.tests.OrderPageTest@618b19ad]" started-at="2025-02-10T22:35:39 IST" name="tearDown" finished-at="2025-02-10T22:35:39 IST" duration-ms="330" status="PASS">
          <reporter-output>
          </reporter-output>
        </test-method> <!-- tearDown -->
      </class> <!-- org.qa.gittracker.tests.OrderPageTest -->
    </test> <!-- OrderPageTest -->
  </suite> <!-- Suite -->
</testng-results>
